*** Error in `./bin/swell': free(): invalid size: 0x0000000001df9020 ***
======= Backtrace: =========
/lib64/libc.so.6(+0x81489)[0x2af05bd99489]
/lib64/libc.so.6(+0x8207b)[0x2af05bd9a07b]
/lib64/libc.so.6(+0x82aba)[0x2af05bd9aaba]
/lib64/libc.so.6(__libc_malloc+0x4c)[0x2af05bd9d1ac]
./bin/swell[0x409552]
./bin/swell[0x405d81]
/lib64/libc.so.6(__libc_start_main+0xf5)[0x2af05bd3a3d5]
./bin/swell[0x406d9e]
======= Memory map: ========
00400000-004a0000 r-xp 00000000 2ba:be5b4 144116399827075555             /lfs/usrhome/mtech/cs22m036/scratch/job1323975/bin/swell
006a0000-006a4000 r--p 000a0000 2ba:be5b4 144116399827075555             /lfs/usrhome/mtech/cs22m036/scratch/job1323975/bin/swell
006a4000-006a5000 rw-p 000a4000 2ba:be5b4 144116399827075555             /lfs/usrhome/mtech/cs22m036/scratch/job1323975/bin/swell
006a5000-006a6000 rw-p 00000000 00:00 0 
01d89000-01e99000 rw-p 00000000 00:00 0                                  [heap]
2af05abd9000-2af05abfb000 r-xp 00000000 08:04 49027365                   /usr/lib64/ld-2.17.so
2af05abfb000-2af05ac00000 rw-p 00000000 00:00 0 
2af05ac10000-2af05ac19000 rw-p 00000000 00:00 0 
2af05adfa000-2af05adfb000 r--p 00021000 08:04 49027365                   /usr/lib64/ld-2.17.so
2af05adfb000-2af05adfc000 rw-p 00022000 08:04 49027365                   /usr/lib64/ld-2.17.so
2af05adfc000-2af05adfd000 rw-p 00000000 00:00 0 
2af05adfd000-2af05ae04000 r-xp 00000000 08:04 49026525                   /usr/lib64/librt-2.17.so
2af05ae04000-2af05b003000 ---p 00007000 08:04 49026525                   /usr/lib64/librt-2.17.so
2af05b003000-2af05b004000 r--p 00006000 08:04 49026525                   /usr/lib64/librt-2.17.so
2af05b004000-2af05b005000 rw-p 00007000 08:04 49026525                   /usr/lib64/librt-2.17.so
2af05b005000-2af05b01c000 r-xp 00000000 08:04 49026743                   /usr/lib64/libpthread-2.17.so
2af05b01c000-2af05b21b000 ---p 00017000 08:04 49026743                   /usr/lib64/libpthread-2.17.so
2af05b21b000-2af05b21c000 r--p 00016000 08:04 49026743                   /usr/lib64/libpthread-2.17.so
2af05b21c000-2af05b21d000 rw-p 00017000 08:04 49026743                   /usr/lib64/libpthread-2.17.so
2af05b21d000-2af05b221000 rw-p 00000000 00:00 0 
2af05b221000-2af05b223000 r-xp 00000000 08:04 49026403                   /usr/lib64/libdl-2.17.so
2af05b223000-2af05b423000 ---p 00002000 08:04 49026403                   /usr/lib64/libdl-2.17.so
2af05b423000-2af05b424000 r--p 00002000 08:04 49026403                   /usr/lib64/libdl-2.17.so
2af05b424000-2af05b425000 rw-p 00003000 08:04 49026403                   /usr/lib64/libdl-2.17.so
2af05b425000-2af05b5ee000 r-xp 00000000 2ba:be5b4 144115389805217424     /lfs/sware/gcc9.2.0/lib64/libstdc++.so.6.0.27
2af05b5ee000-2af05b7ed000 ---p 001c9000 2ba:be5b4 144115389805217424     /lfs/sware/gcc9.2.0/lib64/libstdc++.so.6.0.27
2af05b7ed000-2af05b7f8000 r--p 001c8000 2ba:be5b4 144115389805217424     /lfs/sware/gcc9.2.0/lib64/libstdc++.so.6.0.27
2af05b7f8000-2af05b7fb000 rw-p 001d3000 2ba:be5b4 144115389805217424     /lfs/sware/gcc9.2.0/lib64/libstdc++.so.6.0.27
2af05b7fb000-2af05b7fe000 rw-p 00000000 00:00 0 
2af05b7fe000-2af05b8ff000 r-xp 00000000 08:04 49026903                   /usr/lib64/libm-2.17.so
2af05b8ff000-2af05bafe000 ---p 00101000 08:04 49026903                   /usr/lib64/libm-2.17.so
2af05bafe000-2af05baff000 r--p 00100000 08:04 49026903                   /usr/lib64/libm-2.17.so
2af05baff000-2af05bb00000 rw-p 00101000 08:04 49026903                   /usr/lib64/libm-2.17.so
2af05bb00000-2af05bb16000 r-xp 00000000 2ba:be5b4 144115389805217454     /lfs/sware/gcc9.2.0/lib64/libgcc_s.so.1
2af05bb16000-2af05bd16000 ---p 00016000 2ba:be5b4 144115389805217454     /lfs/sware/gcc9.2.0/lib64/libgcc_s.so.1
2af05bd16000-2af05bd17000 r--p 00016000 2ba:be5b4 144115389805217454     /lfs/sware/gcc9.2.0/lib64/libgcc_s.so.1
2af05bd17000-2af05bd18000 rw-p 00017000 2ba:be5b4 144115389805217454     /lfs/sware/gcc9.2.0/lib64/libgcc_s.so.1
2af05bd18000-2af05beda000 r-xp 00000000 08:04 49027184                   /usr/lib64/libc-2.17.so
2af05beda000-2af05c0da000 ---p 001c2000 08:04 49027184                   /usr/lib64/libc-2.17.so
2af05c0da000-2af05c0de000 r--p 001c2000 08:04 49027184                   /usr/lib64/libc-2.17.so
2af05c0de000-2af05c0e0000 rw-p 001c6000 08:04 49027184                   /usr/lib64/libc-2.17.so
2af05c0e0000-2af060738000 rw-p 00000000 00:00 0 
2af06079a000-2af09b48c000 rw-p 00000000 00:00 0 
2af09c000000-2af09c021000 rw-p 00000000 00:00 0 
2af09c021000-2af0a0000000 ---p 00000000 00:00 0 
7ffdccbf5000-7ffdccc20000 rw-p 00000000 00:00 0                          [stack]
7ffdccd51000-7ffdccd53000 r-xp 00000000 00:00 0                          [vdso]
ffffffffff600000-ffffffffff601000 r-xp 00000000 00:00 0                  [vsyscall]
/var/spool/pbs/mom_priv/jobs/1323975.hn1.SC: line 15: 24019 Aborted                 (core dumped) ./bin/swell mtx "$full_file_no_ext" 350 >> "${filename_no_ext}_swell.txt"
mv: cannot move ‘bfs_cuda’ to ‘/lfs/usrhome/mtech/cs22m036/MTP/gardenia/./bfs_cuda’: Directory not empty
mv: cannot move ‘bin’ to ‘/lfs/usrhome/mtech/cs22m036/MTP/gardenia/./bin’: Directory not empty
mv: cannot move ‘cub’ to ‘/lfs/usrhome/mtech/cs22m036/MTP/gardenia/./cub’: Directory not empty
mv: cannot move ‘datasets’ to ‘/lfs/usrhome/mtech/cs22m036/MTP/gardenia/./datasets’: Directory not empty
mv: cannot move ‘include’ to ‘/lfs/usrhome/mtech/cs22m036/MTP/gardenia/./include’: Directory not empty
mv: cannot move ‘mining’ to ‘/lfs/usrhome/mtech/cs22m036/MTP/gardenia/./mining’: Directory not empty
mv: cannot move ‘results’ to ‘/lfs/usrhome/mtech/cs22m036/MTP/gardenia/./results’: Directory not empty
mv: cannot move ‘src’ to ‘/lfs/usrhome/mtech/cs22m036/MTP/gardenia/./src’: Directory not empty
mv: cannot move ‘test’ to ‘/lfs/usrhome/mtech/cs22m036/MTP/gardenia/./test’: Directory not empty
mv: cannot move ‘tools’ to ‘/lfs/usrhome/mtech/cs22m036/MTP/gardenia/./tools’: Directory not empty
